<?xml version="1.0" encoding="UTF-8"?>
<testsuite name="com.banjjoknim.book.springboot.web.IndexControllerTest" tests="1" skipped="0" failures="0" errors="0" timestamp="2020-11-30T06:14:10" hostname="DESKTOP-FSO9NHB" time="0.135">
  <properties/>
  <testcase name="메인페이지_로딩" classname="com.banjjoknim.book.springboot.web.IndexControllerTest" time="0.135"/>
  <system-out><![CDATA[2020-11-30 15:14:09.238  INFO 10792 --- [    Test worker] .b.t.c.SpringBootTestContextBootstrapper : Neither @ContextConfiguration nor @ContextHierarchy found for test class [com.banjjoknim.book.springboot.web.IndexControllerTest], using SpringBootContextLoader
2020-11-30 15:14:09.238  INFO 10792 --- [    Test worker] o.s.t.c.support.AbstractContextLoader    : Could not detect default resource locations for test class [com.banjjoknim.book.springboot.web.IndexControllerTest]: no resource found for suffixes {-context.xml, Context.groovy}.
2020-11-30 15:14:09.238  INFO 10792 --- [    Test worker] t.c.s.AnnotationConfigContextLoaderUtils : Could not detect default configuration classes for test class [com.banjjoknim.book.springboot.web.IndexControllerTest]: IndexControllerTest does not declare any static, non-private, non-final, nested classes annotated with @Configuration.
2020-11-30 15:14:09.238  INFO 10792 --- [    Test worker] .b.t.c.SpringBootTestContextBootstrapper : Found @SpringBootConfiguration com.banjjoknim.book.springboot.Application for test class com.banjjoknim.book.springboot.web.IndexControllerTest
2020-11-30 15:14:09.238  INFO 10792 --- [    Test worker] .b.t.c.SpringBootTestContextBootstrapper : Loaded default TestExecutionListener class names from location [META-INF/spring.factories]: [org.springframework.security.test.context.support.WithSecurityContextTestExecutionListener, org.springframework.security.test.context.support.ReactorContextTestExecutionListener, org.springframework.boot.test.autoconfigure.restdocs.RestDocsTestExecutionListener, org.springframework.boot.test.autoconfigure.web.client.MockRestServiceServerResetTestExecutionListener, org.springframework.boot.test.autoconfigure.web.servlet.MockMvcPrintOnlyOnFailureTestExecutionListener, org.springframework.boot.test.autoconfigure.web.servlet.WebDriverTestExecutionListener, org.springframework.boot.test.mock.mockito.MockitoTestExecutionListener, org.springframework.boot.test.mock.mockito.ResetMocksTestExecutionListener, org.springframework.test.context.web.ServletTestExecutionListener, org.springframework.test.context.support.DirtiesContextBeforeModesTestExecutionListener, org.springframework.test.context.support.DependencyInjectionTestExecutionListener, org.springframework.test.context.support.DirtiesContextTestExecutionListener, org.springframework.test.context.transaction.TransactionalTestExecutionListener, org.springframework.test.context.jdbc.SqlScriptsTestExecutionListener]
2020-11-30 15:14:09.254  INFO 10792 --- [    Test worker] .b.t.c.SpringBootTestContextBootstrapper : Using TestExecutionListeners: [org.springframework.test.context.web.ServletTestExecutionListener@4ce9a2ca, org.springframework.test.context.support.DirtiesContextBeforeModesTestExecutionListener@55512e1b, org.springframework.boot.test.mock.mockito.MockitoTestExecutionListener@6b3616af, org.springframework.boot.test.autoconfigure.SpringBootDependencyInjectionTestExecutionListener@59b63904, org.springframework.test.context.support.DirtiesContextTestExecutionListener@58c82f0a, org.springframework.test.context.transaction.TransactionalTestExecutionListener@435f3fe, org.springframework.test.context.jdbc.SqlScriptsTestExecutionListener@5fed0eb9, org.springframework.security.test.context.support.WithSecurityContextTestExecutionListener@37fb7259, org.springframework.security.test.context.support.ReactorContextTestExecutionListener@2e52abd3, org.springframework.boot.test.autoconfigure.restdocs.RestDocsTestExecutionListener@5d317e4, org.springframework.boot.test.autoconfigure.web.client.MockRestServiceServerResetTestExecutionListener@32fc5921, org.springframework.boot.test.autoconfigure.web.servlet.MockMvcPrintOnlyOnFailureTestExecutionListener@5ef98c9d, org.springframework.boot.test.autoconfigure.web.servlet.WebDriverTestExecutionListener@65ceb8a2, org.springframework.boot.test.mock.mockito.ResetMocksTestExecutionListener@78bfefc8]

  .   ____          _            __ _ _
 /\\ / ___'_ __ _ _(_)_ __  __ _ \ \ \ \
( ( )\___ | '_ | '_| | '_ \/ _` | \ \ \ \
 \\/  ___)| |_)| | | | | || (_| |  ) ) ) )
  '  |____| .__|_| |_|_| |_\__, | / / / /
 =========|_|==============|___/=/_/_/_/
 :: Spring Boot ::        (v2.1.7.RELEASE)

2020-11-30 15:14:09.270  INFO 10792 --- [    Test worker] c.b.b.s.web.IndexControllerTest          : Starting IndexControllerTest on DESKTOP-FSO9NHB with PID 10792 (started by User in C:\Users\User\IdeaProjects\TIL(Today-I-Learned)\WebServiceBySpringBootAndAWS)
2020-11-30 15:14:09.270  INFO 10792 --- [    Test worker] c.b.b.s.web.IndexControllerTest          : No active profile set, falling back to default profiles: default
2020-11-30 15:14:09.426  INFO 10792 --- [    Test worker] .s.d.r.c.RepositoryConfigurationDelegate : Bootstrapping Spring Data repositories in DEFAULT mode.
2020-11-30 15:14:09.441  INFO 10792 --- [    Test worker] .s.d.r.c.RepositoryConfigurationDelegate : Finished Spring Data repository scanning in 15ms. Found 2 repository interfaces.
2020-11-30 15:14:09.504  INFO 10792 --- [    Test worker] trationDelegate$BeanPostProcessorChecker : Bean 'org.springframework.transaction.annotation.ProxyTransactionManagementConfiguration' of type [org.springframework.transaction.annotation.ProxyTransactionManagementConfiguration$$EnhancerBySpringCGLIB$$d029599b] is not eligible for getting processed by all BeanPostProcessors (for example: not eligible for auto-proxying)
2020-11-30 15:14:09.691  INFO 10792 --- [    Test worker] o.s.b.w.embedded.tomcat.TomcatWebServer  : Tomcat initialized with port(s): 0 (http)
2020-11-30 15:14:09.723  INFO 10792 --- [    Test worker] o.apache.catalina.core.StandardService   : Starting service [Tomcat]
2020-11-30 15:14:09.723  INFO 10792 --- [    Test worker] org.apache.catalina.core.StandardEngine  : Starting Servlet engine: [Apache Tomcat/9.0.22]
2020-11-30 15:14:09.848  INFO 10792 --- [    Test worker] o.a.c.c.C.[Tomcat].[localhost].[/]       : Initializing Spring embedded WebApplicationContext
2020-11-30 15:14:09.848  INFO 10792 --- [    Test worker] o.s.web.context.ContextLoader            : Root WebApplicationContext: initialization completed in 578 ms
2020-11-30 15:14:09.988  INFO 10792 --- [    Test worker] com.zaxxer.hikari.HikariDataSource       : HikariPool-2 - Starting...
2020-11-30 15:14:09.988  INFO 10792 --- [    Test worker] com.zaxxer.hikari.HikariDataSource       : HikariPool-2 - Start completed.
2020-11-30 15:14:10.004  INFO 10792 --- [    Test worker] o.hibernate.jpa.internal.util.LogHelper  : HHH000204: Processing PersistenceUnitInfo [
	name: default
	...]
2020-11-30 15:14:10.019  INFO 10792 --- [    Test worker] org.hibernate.dialect.Dialect            : HHH000400: Using dialect: org.hibernate.dialect.MySQL5InnoDBDialect
Hibernate: drop table if exists posts
Hibernate: drop table if exists user
Hibernate: create table posts (id bigint not null auto_increment, created_date datetime, modified_date datetime, author varchar(255), content TEXT not null, title varchar(500) not null, primary key (id)) engine=InnoDB
Hibernate: create table user (id bigint not null auto_increment, created_date datetime, modified_date datetime, email varchar(255) not null, name varchar(255) not null, picture varchar(255), role varchar(255) not null, primary key (id)) engine=InnoDB
2020-11-30 15:14:10.051  INFO 10792 --- [    Test worker] o.h.t.schema.internal.SchemaCreatorImpl  : HHH000476: Executing import script 'org.hibernate.tool.schema.internal.exec.ScriptSourceInputNonExistentImpl@69028332'
2020-11-30 15:14:10.051  INFO 10792 --- [    Test worker] j.LocalContainerEntityManagerFactoryBean : Initialized JPA EntityManagerFactory for persistence unit 'default'
2020-11-30 15:14:10.269  INFO 10792 --- [    Test worker] o.h.h.i.QueryTranslatorFactoryInitiator  : HHH000397: Using ASTQueryTranslatorFactory
2020-11-30 15:14:10.379  INFO 10792 --- [    Test worker] o.s.s.web.DefaultSecurityFilterChain     : Creating filter chain: any request, [org.springframework.security.web.context.request.async.WebAsyncManagerIntegrationFilter@7e9435ed, org.springframework.security.web.context.SecurityContextPersistenceFilter@2a1f931, org.springframework.security.web.header.HeaderWriterFilter@5b9e89ac, org.springframework.security.web.authentication.logout.LogoutFilter@434ac8c5, org.springframework.security.oauth2.client.web.OAuth2AuthorizationRequestRedirectFilter@6c4232aa, org.springframework.security.oauth2.client.web.OAuth2LoginAuthenticationFilter@5c7374b4, org.springframework.security.web.authentication.ui.DefaultLoginPageGeneratingFilter@4eafc850, org.springframework.security.web.authentication.ui.DefaultLogoutPageGeneratingFilter@5ee6f3c6, org.springframework.security.web.savedrequest.RequestCacheAwareFilter@3942deec, org.springframework.security.web.servletapi.SecurityContextHolderAwareRequestFilter@163ef381, org.springframework.security.web.authentication.AnonymousAuthenticationFilter@23cc4dd2, org.springframework.security.web.session.SessionManagementFilter@a4a4066, org.springframework.security.web.access.ExceptionTranslationFilter@2523df66, org.springframework.security.web.access.intercept.FilterSecurityInterceptor@4c0d9bf2]
2020-11-30 15:14:10.504  INFO 10792 --- [    Test worker] o.s.s.concurrent.ThreadPoolTaskExecutor  : Initializing ExecutorService 'applicationTaskExecutor'
2020-11-30 15:14:10.504  WARN 10792 --- [    Test worker] aWebConfiguration$JpaWebMvcConfiguration : spring.jpa.open-in-view is enabled by default. Therefore, database queries may be performed during view rendering. Explicitly configure spring.jpa.open-in-view to disable this warning
2020-11-30 15:14:10.535  INFO 10792 --- [    Test worker] o.s.b.a.w.s.WelcomePageHandlerMapping    : Adding welcome page template: index
2020-11-30 15:14:10.722  INFO 10792 --- [    Test worker] s.a.ScheduledAnnotationBeanPostProcessor : No TaskScheduler/ScheduledExecutorService bean found for scheduled processing
2020-11-30 15:14:10.738  INFO 10792 --- [    Test worker] o.s.b.w.embedded.tomcat.TomcatWebServer  : Tomcat started on port(s): 12582 (http) with context path ''
2020-11-30 15:14:10.738  INFO 10792 --- [    Test worker] c.b.b.s.web.IndexControllerTest          : Started IndexControllerTest in 1.484 seconds (JVM running for 7.815)
2020-11-30 15:14:10.800  INFO 10792 --- [o-auto-1-exec-1] o.a.c.c.C.[Tomcat].[localhost].[/]       : Initializing Spring DispatcherServlet 'dispatcherServlet'
2020-11-30 15:14:10.800  INFO 10792 --- [o-auto-1-exec-1] o.s.web.servlet.DispatcherServlet        : Initializing Servlet 'dispatcherServlet'
2020-11-30 15:14:10.816  INFO 10792 --- [o-auto-1-exec-1] o.s.web.servlet.DispatcherServlet        : Completed initialization in 16 ms
Hibernate: select posts0_.id as id1_0_, posts0_.created_date as created_2_0_, posts0_.modified_date as modified3_0_, posts0_.author as author4_0_, posts0_.content as content5_0_, posts0_.title as title6_0_ from posts posts0_ order by posts0_.id DESC
]]></system-out>
  <system-err><![CDATA[]]></system-err>
</testsuite>
